Performing C SOURCE FILE Test CMAKE_HAVE_LIBC_PTHREAD failed with the following output:
Change Dir: /home/ipc21/ipc21s05/Parallel-Low-Poly-Image/CMakeFiles/CMakeTmp

Run Build Command(s):/usr/bin/make cmTC_1fcca/fast && /usr/bin/make  -f CMakeFiles/cmTC_1fcca.dir/build.make CMakeFiles/cmTC_1fcca.dir/build
make[1]: Entering directory '/home/ipc21/ipc21s05/Parallel-Low-Poly-Image/CMakeFiles/CMakeTmp'
Building C object CMakeFiles/cmTC_1fcca.dir/src.c.o
/usr/bin/cc   -fPIC -DCMAKE_HAVE_LIBC_PTHREAD -o CMakeFiles/cmTC_1fcca.dir/src.c.o -c /home/ipc21/ipc21s05/Parallel-Low-Poly-Image/CMakeFiles/CMakeTmp/src.c
Linking C executable cmTC_1fcca
/usr/bin/cmake -E cmake_link_script CMakeFiles/cmTC_1fcca.dir/link.txt --verbose=1
/usr/bin/cc -fPIC -DCMAKE_HAVE_LIBC_PTHREAD -rdynamic CMakeFiles/cmTC_1fcca.dir/src.c.o -o cmTC_1fcca 
/usr/bin/ld: CMakeFiles/cmTC_1fcca.dir/src.c.o: in function `main':
src.c:(.text+0x3e): undefined reference to `pthread_create'
/usr/bin/ld: src.c:(.text+0x4a): undefined reference to `pthread_detach'
/usr/bin/ld: src.c:(.text+0x56): undefined reference to `pthread_cancel'
/usr/bin/ld: src.c:(.text+0x67): undefined reference to `pthread_join'
collect2: error: ld returned 1 exit status
make[1]: *** [CMakeFiles/cmTC_1fcca.dir/build.make:106: cmTC_1fcca] Error 1
make[1]: Leaving directory '/home/ipc21/ipc21s05/Parallel-Low-Poly-Image/CMakeFiles/CMakeTmp'
make: *** [Makefile:140: cmTC_1fcca/fast] Error 2


Source file was:
#include <pthread.h>

void* test_func(void* data)
{
  return data;
}

int main(void)
{
  pthread_t thread;
  pthread_create(&thread, NULL, test_func, NULL);
  pthread_detach(thread);
  pthread_cancel(thread);
  pthread_join(thread, NULL);
  pthread_atfork(NULL, NULL, NULL);
  pthread_exit(NULL);

  return 0;
}

Determining if the function pthread_create exists in the pthreads failed with the following output:
Change Dir: /home/ipc21/ipc21s05/Parallel-Low-Poly-Image/CMakeFiles/CMakeTmp

Run Build Command(s):/usr/bin/make cmTC_30485/fast && /usr/bin/make  -f CMakeFiles/cmTC_30485.dir/build.make CMakeFiles/cmTC_30485.dir/build
make[1]: Entering directory '/home/ipc21/ipc21s05/Parallel-Low-Poly-Image/CMakeFiles/CMakeTmp'
Building C object CMakeFiles/cmTC_30485.dir/CheckFunctionExists.c.o
/usr/bin/cc   -fPIC -DCHECK_FUNCTION_EXISTS=pthread_create -o CMakeFiles/cmTC_30485.dir/CheckFunctionExists.c.o -c /usr/share/cmake-3.18/Modules/CheckFunctionExists.c
Linking C executable cmTC_30485
/usr/bin/cmake -E cmake_link_script CMakeFiles/cmTC_30485.dir/link.txt --verbose=1
/usr/bin/cc -fPIC -DCHECK_FUNCTION_EXISTS=pthread_create -rdynamic CMakeFiles/cmTC_30485.dir/CheckFunctionExists.c.o -o cmTC_30485  -lpthreads 
/usr/bin/ld: cannot find -lpthreads
collect2: error: ld returned 1 exit status
make[1]: *** [CMakeFiles/cmTC_30485.dir/build.make:106: cmTC_30485] Error 1
make[1]: Leaving directory '/home/ipc21/ipc21s05/Parallel-Low-Poly-Image/CMakeFiles/CMakeTmp'
make: *** [Makefile:140: cmTC_30485/fast] Error 2



